c:\users\ferna\source\repos\cppforjacdevelopersdemo\cppforjacdevelopersdemo\debug\vc142.pdb
c:\users\ferna\source\repos\cppforjacdevelopersdemo\cppforjacdevelopersdemo\debug\vc142.idb
c:\users\ferna\source\repos\cppforjacdevelopersdemo\cppforjacdevelopersdemo\debug\namespaceexample.obj
c:\users\ferna\source\repos\cppforjacdevelopersdemo\cppforjacdevelopersdemo\debug\driver.obj
c:\users\ferna\source\repos\cppforjacdevelopersdemo\cppforjacdevelopersdemo\debug\datatypesexample.obj
c:\users\ferna\source\repos\cppforjacdevelopersdemo\cppforjacdevelopersdemo\debug\usingstlexample.obj
c:\users\ferna\source\repos\cppforjacdevelopersdemo\cppforjacdevelopersdemo\debug\entityclassexample.obj
c:\users\ferna\source\repos\cppforjacdevelopersdemo\cppforjacdevelopersdemo\debug\descendantexample.obj
c:\users\ferna\source\repos\cppforjacdevelopersdemo\cppforjacdevelopersdemo\debug\templateexample.obj
c:\users\ferna\source\repos\cppforjacdevelopersdemo\cppforjacdevelopersdemo\debug\fileioexample.obj
c:\users\ferna\source\repos\cppforjacdevelopersdemo\cppforjacdevelopersdemo\debug\stringexample.obj
c:\users\ferna\source\repos\cppforjacdevelopersdemo\debug\cppforjacdevelopersdemo.exe
c:\users\ferna\source\repos\cppforjacdevelopersdemo\debug\cppforjacdevelopersdemo.ilk
c:\users\ferna\source\repos\cppforjacdevelopersdemo\debug\cppforjacdevelopersdemo.pdb
c:\users\ferna\source\repos\cppforjacdevelopersdemo\cppforjacdevelopersdemo\debug\cppforjacdevelopersdemo.res
c:\users\ferna\source\repos\cppforjacdevelopersdemo\cppforjacdevelopersdemo\debug\cppforja.094fa3e9.tlog\cl.command.1.tlog
c:\users\ferna\source\repos\cppforjacdevelopersdemo\cppforjacdevelopersdemo\debug\cppforja.094fa3e9.tlog\cl.read.1.tlog
c:\users\ferna\source\repos\cppforjacdevelopersdemo\cppforjacdevelopersdemo\debug\cppforja.094fa3e9.tlog\cl.write.1.tlog
c:\users\ferna\source\repos\cppforjacdevelopersdemo\cppforjacdevelopersdemo\debug\cppforja.094fa3e9.tlog\link.command.1.tlog
c:\users\ferna\source\repos\cppforjacdevelopersdemo\cppforjacdevelopersdemo\debug\cppforja.094fa3e9.tlog\link.read.1.tlog
c:\users\ferna\source\repos\cppforjacdevelopersdemo\cppforjacdevelopersdemo\debug\cppforja.094fa3e9.tlog\link.write.1.tlog
c:\users\ferna\source\repos\cppforjacdevelopersdemo\cppforjacdevelopersdemo\debug\cppforja.094fa3e9.tlog\rc.command.1.tlog
c:\users\ferna\source\repos\cppforjacdevelopersdemo\cppforjacdevelopersdemo\debug\cppforja.094fa3e9.tlog\rc.read.1.tlog
c:\users\ferna\source\repos\cppforjacdevelopersdemo\cppforjacdevelopersdemo\debug\cppforja.094fa3e9.tlog\rc.write.1.tlog
